{
  "0 debug pnpm:scope": {
    "selected": 1,
    "workspacePrefix": null
  },
  "1 debug pnpm": {
    "isCaseSensitive": null,
    "store": "/Users/rmaycon7/Packages/pnpm-store/2"
  },
  "2 debug pnpm:package-manifest": {
    "initial": {
      "name": "api-micro-service",
      "version": "0.0.1",
      "main": "index.js",
      "license": "MIT",
      "dependencies": {
        "@elastic/elasticsearch": "^7.4.0",
        "@types/cors": "^2.8.6",
        "@types/express": "^4.17.2",
        "@types/helmet": "^0.0.45",
        "@types/mongoose": "^5.5.28",
        "@types/multer": "^1.3.10",
        "body-parser": "^1.19.0",
        "compress": "^0.99.0",
        "cors": "^2.8.5",
        "eslint": "^6.6.0",
        "eslint-plugin-prettier": "^3.1.1",
        "express": "^4.17.1",
        "helmet": "^3.21.2",
        "mongoosastic": "^4.5.1",
        "mongoose": "^5.7.7",
        "morgan": "^1.9.1",
        "multer": "^1.4.2",
        "nodemon": "^1.19.4",
        "prettier": "^1.18.2",
        "sucrase": "^3.10.1",
        "typescript": "^3.6.4"
      },
      "scripts": {
        "start": "node ./src/server.js",
        "dev": "nodemon -w ./src ./src/server.js"
      }
    },
    "prefix": "/Users/rmaycon7/Documents/TCC/tcc-app-project/app-code/api-micro-service"
  },
  "3 debug pnpm:stage": {
    "prefix": "/Users/rmaycon7/Documents/TCC/tcc-app-project/app-code/api-micro-service",
    "stage": "resolution_started"
  },
  "4 warn pnpm": {
    "message": "Moving @elastic/elasticsearch that was installed by a different package manager to \"node_modules/.ignored",
    "prefix": "/Users/rmaycon7/Documents/TCC/tcc-app-project/app-code/api-micro-service"
  },
  "5 warn pnpm": {
    "message": "Moving @types/cors that was installed by a different package manager to \"node_modules/.ignored",
    "prefix": "/Users/rmaycon7/Documents/TCC/tcc-app-project/app-code/api-micro-service"
  },
  "6 warn pnpm": {
    "message": "Moving @types/express that was installed by a different package manager to \"node_modules/.ignored",
    "prefix": "/Users/rmaycon7/Documents/TCC/tcc-app-project/app-code/api-micro-service"
  },
  "7 warn pnpm": {
    "message": "Moving @types/helmet that was installed by a different package manager to \"node_modules/.ignored",
    "prefix": "/Users/rmaycon7/Documents/TCC/tcc-app-project/app-code/api-micro-service"
  },
  "8 warn pnpm": {
    "message": "Moving @types/mongoose that was installed by a different package manager to \"node_modules/.ignored",
    "prefix": "/Users/rmaycon7/Documents/TCC/tcc-app-project/app-code/api-micro-service"
  },
  "9 warn pnpm": {
    "message": "Moving @types/multer that was installed by a different package manager to \"node_modules/.ignored",
    "prefix": "/Users/rmaycon7/Documents/TCC/tcc-app-project/app-code/api-micro-service"
  },
  "10 warn pnpm": {
    "message": "Moving body-parser that was installed by a different package manager to \"node_modules/.ignored",
    "prefix": "/Users/rmaycon7/Documents/TCC/tcc-app-project/app-code/api-micro-service"
  },
  "11 warn pnpm": {
    "message": "Moving compress that was installed by a different package manager to \"node_modules/.ignored",
    "prefix": "/Users/rmaycon7/Documents/TCC/tcc-app-project/app-code/api-micro-service"
  },
  "12 warn pnpm": {
    "message": "Moving cors that was installed by a different package manager to \"node_modules/.ignored",
    "prefix": "/Users/rmaycon7/Documents/TCC/tcc-app-project/app-code/api-micro-service"
  },
  "13 warn pnpm": {
    "message": "Moving eslint that was installed by a different package manager to \"node_modules/.ignored",
    "prefix": "/Users/rmaycon7/Documents/TCC/tcc-app-project/app-code/api-micro-service"
  },
  "14 warn pnpm": {
    "message": "Moving eslint-plugin-prettier that was installed by a different package manager to \"node_modules/.ignored",
    "prefix": "/Users/rmaycon7/Documents/TCC/tcc-app-project/app-code/api-micro-service"
  },
  "15 warn pnpm": {
    "message": "Moving express that was installed by a different package manager to \"node_modules/.ignored",
    "prefix": "/Users/rmaycon7/Documents/TCC/tcc-app-project/app-code/api-micro-service"
  },
  "16 warn pnpm": {
    "message": "Moving helmet that was installed by a different package manager to \"node_modules/.ignored",
    "prefix": "/Users/rmaycon7/Documents/TCC/tcc-app-project/app-code/api-micro-service"
  },
  "17 warn pnpm": {
    "message": "Moving mongoosastic that was installed by a different package manager to \"node_modules/.ignored",
    "prefix": "/Users/rmaycon7/Documents/TCC/tcc-app-project/app-code/api-micro-service"
  },
  "18 warn pnpm": {
    "message": "Moving mongoose that was installed by a different package manager to \"node_modules/.ignored",
    "prefix": "/Users/rmaycon7/Documents/TCC/tcc-app-project/app-code/api-micro-service"
  },
  "19 warn pnpm": {
    "message": "Moving morgan that was installed by a different package manager to \"node_modules/.ignored",
    "prefix": "/Users/rmaycon7/Documents/TCC/tcc-app-project/app-code/api-micro-service"
  },
  "20 warn pnpm": {
    "message": "Moving multer that was installed by a different package manager to \"node_modules/.ignored",
    "prefix": "/Users/rmaycon7/Documents/TCC/tcc-app-project/app-code/api-micro-service"
  },
  "21 warn pnpm": {
    "message": "Moving nodemon that was installed by a different package manager to \"node_modules/.ignored",
    "prefix": "/Users/rmaycon7/Documents/TCC/tcc-app-project/app-code/api-micro-service"
  },
  "22 warn pnpm": {
    "message": "Moving prettier that was installed by a different package manager to \"node_modules/.ignored",
    "prefix": "/Users/rmaycon7/Documents/TCC/tcc-app-project/app-code/api-micro-service"
  },
  "23 warn pnpm": {
    "message": "Moving sucrase that was installed by a different package manager to \"node_modules/.ignored",
    "prefix": "/Users/rmaycon7/Documents/TCC/tcc-app-project/app-code/api-micro-service"
  },
  "24 warn pnpm": {
    "message": "Moving typescript that was installed by a different package manager to \"node_modules/.ignored",
    "prefix": "/Users/rmaycon7/Documents/TCC/tcc-app-project/app-code/api-micro-service"
  },
  "25 debug pnpm:_dependency_resolved": {
    "resolution": "registry.npmjs.org/@types/express/4.17.2",
    "wanted": {
      "name": "@types/express",
      "rawSpec": "@types/express@^4.17.2"
    }
  },
  "26 debug pnpm:progress": {
    "packageId": "registry.npmjs.org/@types/express/4.17.2",
    "requester": "/Users/rmaycon7/Documents/TCC/tcc-app-project/app-code/api-micro-service",
    "status": "resolved"
  },
  "27 debug pnpm:_dependency_resolved": {
    "resolution": "registry.npmjs.org/@types/cors/2.8.6",
    "wanted": {
      "name": "@types/cors",
      "rawSpec": "@types/cors@^2.8.6"
    }
  },
  "28 debug pnpm:progress": {
    "packageId": "registry.npmjs.org/@types/cors/2.8.6",
    "requester": "/Users/rmaycon7/Documents/TCC/tcc-app-project/app-code/api-micro-service",
    "status": "resolved"
  },
  "29 debug pnpm:_dependency_resolved": {
    "resolution": "registry.npmjs.org/body-parser/1.19.0",
    "wanted": {
      "name": "body-parser",
      "rawSpec": "body-parser@^1.19.0"
    }
  },
  "30 debug pnpm:progress": {
    "packageId": "registry.npmjs.org/body-parser/1.19.0",
    "requester": "/Users/rmaycon7/Documents/TCC/tcc-app-project/app-code/api-micro-service",
    "status": "resolved"
  },
  "31 debug pnpm:_dependency_resolved": {
    "resolution": "registry.npmjs.org/cors/2.8.5",
    "wanted": {
      "name": "cors",
      "rawSpec": "cors@^2.8.5"
    }
  },
  "32 debug pnpm:progress": {
    "packageId": "registry.npmjs.org/cors/2.8.5",
    "requester": "/Users/rmaycon7/Documents/TCC/tcc-app-project/app-code/api-micro-service",
    "status": "resolved"
  },
  "33 debug pnpm:_dependency_resolved": {
    "resolution": "registry.npmjs.org/express/4.17.1",
    "wanted": {
      "name": "express",
      "rawSpec": "express@^4.17.1"
    }
  },
  "34 debug pnpm:progress": {
    "packageId": "registry.npmjs.org/express/4.17.1",
    "requester": "/Users/rmaycon7/Documents/TCC/tcc-app-project/app-code/api-micro-service",
    "status": "resolved"
  },
  "35 debug pnpm:_dependency_resolved": {
    "resolution": "registry.npmjs.org/eslint-plugin-prettier/3.1.1",
    "wanted": {
      "name": "eslint-plugin-prettier",
      "rawSpec": "eslint-plugin-prettier@^3.1.1"
    }
  },
  "36 debug pnpm:progress": {
    "packageId": "registry.npmjs.org/eslint-plugin-prettier/3.1.1",
    "requester": "/Users/rmaycon7/Documents/TCC/tcc-app-project/app-code/api-micro-service",
    "status": "resolved"
  },
  "37 debug pnpm:_dependency_resolved": {
    "resolution": "registry.npmjs.org/helmet/3.21.2",
    "wanted": {
      "name": "helmet",
      "rawSpec": "helmet@^3.21.2"
    }
  },
  "38 debug pnpm:progress": {
    "packageId": "registry.npmjs.org/helmet/3.21.2",
    "requester": "/Users/rmaycon7/Documents/TCC/tcc-app-project/app-code/api-micro-service",
    "status": "resolved"
  },
  "39 debug pnpm:_dependency_resolved": {
    "resolution": "registry.npmjs.org/mongoosastic/4.5.1",
    "wanted": {
      "name": "mongoosastic",
      "rawSpec": "mongoosastic@^4.5.1"
    }
  },
  "40 debug pnpm:progress": {
    "packageId": "registry.npmjs.org/mongoosastic/4.5.1",
    "requester": "/Users/rmaycon7/Documents/TCC/tcc-app-project/app-code/api-micro-service",
    "status": "resolved"
  },
  "41 debug pnpm:_dependency_resolved": {
    "resolution": "registry.npmjs.org/sucrase/3.10.1",
    "wanted": {
      "name": "sucrase",
      "rawSpec": "sucrase@^3.10.1"
    }
  },
  "42 debug pnpm:progress": {
    "packageId": "registry.npmjs.org/sucrase/3.10.1",
    "requester": "/Users/rmaycon7/Documents/TCC/tcc-app-project/app-code/api-micro-service",
    "status": "resolved"
  },
  "43 debug pnpm:_dependency_resolved": {
    "resolution": "registry.npmjs.org/nodemon/1.19.4",
    "wanted": {
      "name": "nodemon",
      "rawSpec": "nodemon@^1.19.4"
    }
  },
  "44 debug pnpm:progress": {
    "packageId": "registry.npmjs.org/nodemon/1.19.4",
    "requester": "/Users/rmaycon7/Documents/TCC/tcc-app-project/app-code/api-micro-service",
    "status": "resolved"
  },
  "45 debug pnpm:_dependency_resolved": {
    "resolution": "registry.npmjs.org/prettier/1.18.2",
    "wanted": {
      "name": "prettier",
      "rawSpec": "prettier@^1.18.2"
    }
  },
  "46 debug pnpm:progress": {
    "packageId": "registry.npmjs.org/prettier/1.18.2",
    "requester": "/Users/rmaycon7/Documents/TCC/tcc-app-project/app-code/api-micro-service",
    "status": "resolved"
  },
  "47 debug pnpm:_dependency_resolved": {
    "resolution": "registry.npmjs.org/mongoose/5.7.8",
    "wanted": {
      "name": "mongoose",
      "rawSpec": "mongoose@^5.7.7"
    }
  },
  "48 debug pnpm:progress": {
    "packageId": "registry.npmjs.org/mongoose/5.7.8",
    "requester": "/Users/rmaycon7/Documents/TCC/tcc-app-project/app-code/api-micro-service",
    "status": "resolved"
  },
  "49 debug pnpm:_dependency_resolved": {
    "resolution": "registry.npmjs.org/@types/body-parser/1.17.1",
    "wanted": {
      "dependentId": "registry.npmjs.org/@types/express/4.17.2",
      "name": "@types/body-parser",
      "rawSpec": "@types/body-parser@*"
    }
  },
  "50 debug pnpm:progress": {
    "packageId": "registry.npmjs.org/@types/body-parser/1.17.1",
    "requester": "/Users/rmaycon7/Documents/TCC/tcc-app-project/app-code/api-micro-service",
    "status": "resolved"
  },
  "51 debug pnpm:_dependency_resolved": {
    "resolution": "registry.npmjs.org/@types/express/4.17.2",
    "wanted": {
      "dependentId": "registry.npmjs.org/@types/cors/2.8.6",
      "name": "@types/express",
      "rawSpec": "@types/express@*"
    }
  },
  "52 debug pnpm:_dependency_resolved": {
    "resolution": "registry.npmjs.org/@types/express-serve-static-core/4.16.11",
    "wanted": {
      "dependentId": "registry.npmjs.org/@types/express/4.17.2",
      "name": "@types/express-serve-static-core",
      "rawSpec": "@types/express-serve-static-core@*"
    }
  },
  "53 debug pnpm:progress": {
    "packageId": "registry.npmjs.org/@types/express-serve-static-core/4.16.11",
    "requester": "/Users/rmaycon7/Documents/TCC/tcc-app-project/app-code/api-micro-service",
    "status": "resolved"
  },
  "54 debug pnpm:_dependency_resolved": {
    "resolution": "registry.npmjs.org/@types/serve-static/1.13.3",
    "wanted": {
      "dependentId": "registry.npmjs.org/@types/express/4.17.2",
      "name": "@types/serve-static",
      "rawSpec": "@types/serve-static@*"
    }
  },
  "55 debug pnpm:progress": {
    "packageId": "registry.npmjs.org/@types/serve-static/1.13.3",
    "requester": "/Users/rmaycon7/Documents/TCC/tcc-app-project/app-code/api-micro-service",
    "status": "resolved"
  },
  "56 debug pnpm:_dependency_resolved": {
    "resolution": "registry.npmjs.org/bytes/3.1.0",
    "wanted": {
      "dependentId": "registry.npmjs.org/body-parser/1.19.0",
      "name": "bytes",
      "rawSpec": "bytes@3.1.0"
    }
  },
  "57 debug pnpm:progress": {
    "packageId": "registry.npmjs.org/bytes/3.1.0",
    "requester": "/Users/rmaycon7/Documents/TCC/tcc-app-project/app-code/api-micro-service",
    "status": "resolved"
  },
  "58 debug pnpm:_dependency_resolved": {
    "resolution": "registry.npmjs.org/content-type/1.0.4",
    "wanted": {
      "dependentId": "registry.npmjs.org/body-parser/1.19.0",
      "name": "content-type",
      "rawSpec": "content-type@~1.0.4"
    }
  },
  "59 debug pnpm:progress": {
    "packageId": "registry.npmjs.org/content-type/1.0.4",
    "requester": "/Users/rmaycon7/Documents/TCC/tcc-app-project/app-code/api-micro-service",
    "status": "resolved"
  },
  "60 debug pnpm:_dependency_resolved": {
    "resolution": "registry.npmjs.org/debug/2.6.9",
    "wanted": {
      "dependentId": "registry.npmjs.org/body-parser/1.19.0",
      "name": "debug",
      "rawSpec": "debug@2.6.9"
    }
  },
  "61 debug pnpm:progress": {
    "packageId": "registry.npmjs.org/debug/2.6.9",
    "requester": "/Users/rmaycon7/Documents/TCC/tcc-app-project/app-code/api-micro-service",
    "status": "resolved"
  },
  "62 debug pnpm:_dependency_resolved": {
    "resolution": "registry.npmjs.org/depd/1.1.2",
    "wanted": {
      "dependentId": "registry.npmjs.org/body-parser/1.19.0",
      "name": "depd",
      "rawSpec": "depd@~1.1.2"
    }
  },
  "63 debug pnpm:progress": {
    "packageId": "registry.npmjs.org/depd/1.1.2",
    "requester": "/Users/rmaycon7/Documents/TCC/tcc-app-project/app-code/api-micro-service",
    "status": "resolved"
  },
  "64 debug pnpm:_dependency_resolved": {
    "resolution": "registry.npmjs.org/http-errors/1.7.2",
    "wanted": {
      "dependentId": "registry.npmjs.org/body-parser/1.19.0",
      "name": "http-errors",
      "rawSpec": "http-errors@1.7.2"
    }
  },
  "65 debug pnpm:progress": {
    "packageId": "registry.npmjs.org/http-errors/1.7.2",
    "requester": "/Users/rmaycon7/Documents/TCC/tcc-app-project/app-code/api-micro-service",
    "status": "resolved"
  },
  "66 debug pnpm:_dependency_resolved": {
    "resolution": "registry.npmjs.org/iconv-lite/0.4.24",
    "wanted": {
      "dependentId": "registry.npmjs.org/body-parser/1.19.0",
      "name": "iconv-lite",
      "rawSpec": "iconv-lite@0.4.24"
    }
  },
  "67 debug pnpm:progress": {
    "packageId": "registry.npmjs.org/iconv-lite/0.4.24",
    "requester": "/Users/rmaycon7/Documents/TCC/tcc-app-project/app-code/api-micro-service",
    "status": "resolved"
  },
  "68 debug pnpm:_dependency_resolved": {
    "resolution": "registry.npmjs.org/on-finished/2.3.0",
    "wanted": {
      "dependentId": "registry.npmjs.org/body-parser/1.19.0",
      "name": "on-finished",
      "rawSpec": "on-finished@~2.3.0"
    }
  },
  "69 debug pnpm:progress": {
    "packageId": "registry.npmjs.org/on-finished/2.3.0",
    "requester": "/Users/rmaycon7/Documents/TCC/tcc-app-project/app-code/api-micro-service",
    "status": "resolved"
  },
  "70 debug pnpm:_dependency_resolved": {
    "resolution": "registry.npmjs.org/qs/6.7.0",
    "wanted": {
      "dependentId": "registry.npmjs.org/body-parser/1.19.0",
      "name": "qs",
      "rawSpec": "qs@6.7.0"
    }
  },
  "71 debug pnpm:progress": {
    "packageId": "registry.npmjs.org/qs/6.7.0",
    "requester": "/Users/rmaycon7/Documents/TCC/tcc-app-project/app-code/api-micro-service",
    "status": "resolved"
  },
  "72 debug pnpm:_dependency_resolved": {
    "resolution": "registry.npmjs.org/raw-body/2.4.0",
    "wanted": {
      "dependentId": "registry.npmjs.org/body-parser/1.19.0",
      "name": "raw-body",
      "rawSpec": "raw-body@2.4.0"
    }
  },
  "73 debug pnpm:progress": {
    "packageId": "registry.npmjs.org/raw-body/2.4.0",
    "requester": "/Users/rmaycon7/Documents/TCC/tcc-app-project/app-code/api-micro-service",
    "status": "resolved"
  },
  "74 debug pnpm:_dependency_resolved": {
    "resolution": "registry.npmjs.org/type-is/1.6.18",
    "wanted": {
      "dependentId": "registry.npmjs.org/body-parser/1.19.0",
      "name": "type-is",
      "rawSpec": "type-is@~1.6.17"
    }
  },
  "75 debug pnpm:progress": {
    "packageId": "registry.npmjs.org/type-is/1.6.18",
    "requester": "/Users/rmaycon7/Documents/TCC/tcc-app-project/app-code/api-micro-service",
    "status": "resolved"
  },
  "76 debug pnpm:_dependency_resolved": {
    "resolution": "registry.npmjs.org/object-assign/4.1.1",
    "wanted": {
      "dependentId": "registry.npmjs.org/cors/2.8.5",
      "name": "object-assign",
      "rawSpec": "object-assign@^4"
    }
  },
  "77 debug pnpm:progress": {
    "packageId": "registry.npmjs.org/object-assign/4.1.1",
    "requester": "/Users/rmaycon7/Documents/TCC/tcc-app-project/app-code/api-micro-service",
    "status": "resolved"
  },
  "78 debug pnpm:_dependency_resolved": {
    "resolution": "registry.npmjs.org/typescript/3.7.2",
    "wanted": {
      "name": "typescript",
      "rawSpec": "typescript@^3.6.4"
    }
  },
  "79 debug pnpm:progress": {
    "packageId": "registry.npmjs.org/typescript/3.7.2",
    "requester": "/Users/rmaycon7/Documents/TCC/tcc-app-project/app-code/api-micro-service",
    "status": "resolved"
  },
  "80 debug pnpm:_dependency_resolved": {
    "resolution": "registry.npmjs.org/vary/1.1.2",
    "wanted": {
      "dependentId": "registry.npmjs.org/cors/2.8.5",
      "name": "vary",
      "rawSpec": "vary@^1"
    }
  },
  "81 debug pnpm:progress": {
    "packageId": "registry.npmjs.org/vary/1.1.2",
    "requester": "/Users/rmaycon7/Documents/TCC/tcc-app-project/app-code/api-micro-service",
    "status": "resolved"
  },
  "82 debug pnpm:_dependency_resolved": {
    "resolution": "registry.npmjs.org/accepts/1.3.7",
    "wanted": {
      "dependentId": "registry.npmjs.org/express/4.17.1",
      "name": "accepts",
      "rawSpec": "accepts@~1.3.7"
    }
  },
  "83 debug pnpm:progress": {
    "packageId": "registry.npmjs.org/accepts/1.3.7",
    "requester": "/Users/rmaycon7/Documents/TCC/tcc-app-project/app-code/api-micro-service",
    "status": "resolved"
  },
  "84 debug pnpm:_dependency_resolved": {
    "resolution": "registry.npmjs.org/body-parser/1.19.0",
    "wanted": {
      "dependentId": "registry.npmjs.org/express/4.17.1",
      "name": "body-parser",
      "rawSpec": "body-parser@1.19.0"
    }
  },
  "85 debug pnpm:_dependency_resolved": {
    "resolution": "registry.npmjs.org/array-flatten/1.1.1",
    "wanted": {
      "dependentId": "registry.npmjs.org/express/4.17.1",
      "name": "array-flatten",
      "rawSpec": "array-flatten@1.1.1"
    }
  },
  "86 debug pnpm:progress": {
    "packageId": "registry.npmjs.org/array-flatten/1.1.1",
    "requester": "/Users/rmaycon7/Documents/TCC/tcc-app-project/app-code/api-micro-service",
    "status": "resolved"
  },
  "87 debug pnpm:_dependency_resolved": {
    "resolution": "registry.npmjs.org/content-type/1.0.4",
    "wanted": {
      "dependentId": "registry.npmjs.org/express/4.17.1",
      "name": "content-type",
      "rawSpec": "content-type@~1.0.4"
    }
  },
  "88 debug pnpm:_dependency_resolved": {
    "resolution": "registry.npmjs.org/content-disposition/0.5.3",
    "wanted": {
      "dependentId": "registry.npmjs.org/express/4.17.1",
      "name": "content-disposition",
      "rawSpec": "content-disposition@0.5.3"
    }
  },
  "89 debug pnpm:progress": {
    "packageId": "registry.npmjs.org/content-disposition/0.5.3",
    "requester": "/Users/rmaycon7/Documents/TCC/tcc-app-project/app-code/api-micro-service",
    "status": "resolved"
  },
  "90 debug pnpm:_dependency_resolved": {
    "resolution": "registry.npmjs.org/cookie/0.4.0",
    "wanted": {
      "dependentId": "registry.npmjs.org/express/4.17.1",
      "name": "cookie",
      "rawSpec": "cookie@0.4.0"
    }
  },
  "91 debug pnpm:progress": {
    "packageId": "registry.npmjs.org/cookie/0.4.0",
    "requester": "/Users/rmaycon7/Documents/TCC/tcc-app-project/app-code/api-micro-service",
    "status": "resolved"
  },
  "92 debug pnpm:_dependency_resolved": {
    "resolution": "registry.npmjs.org/debug/2.6.9",
    "wanted": {
      "dependentId": "registry.npmjs.org/express/4.17.1",
      "name": "debug",
      "rawSpec": "debug@2.6.9"
    }
  },
  "93 debug pnpm:_dependency_resolved": {
    "resolution": "registry.npmjs.org/cookie-signature/1.0.6",
    "wanted": {
      "dependentId": "registry.npmjs.org/express/4.17.1",
      "name": "cookie-signature",
      "rawSpec": "cookie-signature@1.0.6"
    }
  },
  "94 debug pnpm:progress": {
    "packageId": "registry.npmjs.org/cookie-signature/1.0.6",
    "requester": "/Users/rmaycon7/Documents/TCC/tcc-app-project/app-code/api-micro-service",
    "status": "resolved"
  },
  "95 debug pnpm:_dependency_resolved": {
    "resolution": "registry.npmjs.org/depd/1.1.2",
    "wanted": {
      "dependentId": "registry.npmjs.org/express/4.17.1",
      "name": "depd",
      "rawSpec": "depd@~1.1.2"
    }
  },
  "96 debug pnpm:progress": {
    "packageId": "registry.npmjs.org/@types/express/4.17.2",
    "requester": "/Users/rmaycon7/Documents/TCC/tcc-app-project/app-code/api-micro-service",
    "status": "found_in_store"
  },
  "97 debug pnpm:progress": {
    "packageId": "registry.npmjs.org/@types/cors/2.8.6",
    "requester": "/Users/rmaycon7/Documents/TCC/tcc-app-project/app-code/api-micro-service",
    "status": "found_in_store"
  },
  "98 debug pnpm:progress": {
    "packageId": "registry.npmjs.org/body-parser/1.19.0",
    "requester": "/Users/rmaycon7/Documents/TCC/tcc-app-project/app-code/api-micro-service",
    "status": "found_in_store"
  },
  "99 debug pnpm:progress": {
    "packageId": "registry.npmjs.org/cors/2.8.5",
    "requester": "/Users/rmaycon7/Documents/TCC/tcc-app-project/app-code/api-micro-service",
    "status": "found_in_store"
  },
  "100 debug pnpm:_dependency_resolved": {
    "resolution": "registry.npmjs.org/encodeurl/1.0.2",
    "wanted": {
      "dependentId": "registry.npmjs.org/express/4.17.1",
      "name": "encodeurl",
      "rawSpec": "encodeurl@~1.0.2"
    }
  },
  "101 debug pnpm:progress": {
    "packageId": "registry.npmjs.org/encodeurl/1.0.2",
    "requester": "/Users/rmaycon7/Documents/TCC/tcc-app-project/app-code/api-micro-service",
    "status": "resolved"
  },
  "102 debug pnpm:progress": {
    "packageId": "registry.npmjs.org/express/4.17.1",
    "requester": "/Users/rmaycon7/Documents/TCC/tcc-app-project/app-code/api-micro-service",
    "status": "found_in_store"
  },
  "103 debug pnpm:progress": {
    "packageId": "registry.npmjs.org/helmet/3.21.2",
    "requester": "/Users/rmaycon7/Documents/TCC/tcc-app-project/app-code/api-micro-service",
    "status": "found_in_store"
  },
  "104 debug pnpm:_dependency_resolved": {
    "resolution": "registry.npmjs.org/escape-html/1.0.3",
    "wanted": {
      "dependentId": "registry.npmjs.org/express/4.17.1",
      "name": "escape-html",
      "rawSpec": "escape-html@~1.0.3"
    }
  },
  "105 debug pnpm:progress": {
    "packageId": "registry.npmjs.org/escape-html/1.0.3",
    "requester": "/Users/rmaycon7/Documents/TCC/tcc-app-project/app-code/api-micro-service",
    "status": "resolved"
  },
  "106 debug pnpm:_dependency_resolved": {
    "resolution": "registry.npmjs.org/etag/1.8.1",
    "wanted": {
      "dependentId": "registry.npmjs.org/express/4.17.1",
      "name": "etag",
      "rawSpec": "etag@~1.8.1"
    }
  },
  "107 debug pnpm:progress": {
    "packageId": "registry.npmjs.org/etag/1.8.1",
    "requester": "/Users/rmaycon7/Documents/TCC/tcc-app-project/app-code/api-micro-service",
    "status": "resolved"
  },
  "108 debug pnpm:progress": {
    "packageId": "registry.npmjs.org/eslint-plugin-prettier/3.1.1",
    "requester": "/Users/rmaycon7/Documents/TCC/tcc-app-project/app-code/api-micro-service",
    "status": "found_in_store"
  },
  "109 debug pnpm:progress": {
    "packageId": "registry.npmjs.org/mongoosastic/4.5.1",
    "requester": "/Users/rmaycon7/Documents/TCC/tcc-app-project/app-code/api-micro-service",
    "status": "found_in_store"
  },
  "110 debug pnpm:_dependency_resolved": {
    "resolution": "registry.npmjs.org/finalhandler/1.1.2",
    "wanted": {
      "dependentId": "registry.npmjs.org/express/4.17.1",
      "name": "finalhandler",
      "rawSpec": "finalhandler@~1.1.2"
    }
  },
  "111 debug pnpm:progress": {
    "packageId": "registry.npmjs.org/finalhandler/1.1.2",
    "requester": "/Users/rmaycon7/Documents/TCC/tcc-app-project/app-code/api-micro-service",
    "status": "resolved"
  },
  "112 debug pnpm:progress": {
    "packageId": "registry.npmjs.org/nodemon/1.19.4",
    "requester": "/Users/rmaycon7/Documents/TCC/tcc-app-project/app-code/api-micro-service",
    "status": "found_in_store"
  },
  "113 debug pnpm:_dependency_resolved": {
    "resolution": "registry.npmjs.org/fresh/0.5.2",
    "wanted": {
      "dependentId": "registry.npmjs.org/express/4.17.1",
      "name": "fresh",
      "rawSpec": "fresh@0.5.2"
    }
  },
  "114 debug pnpm:progress": {
    "packageId": "registry.npmjs.org/fresh/0.5.2",
    "requester": "/Users/rmaycon7/Documents/TCC/tcc-app-project/app-code/api-micro-service",
    "status": "resolved"
  },
  "115 debug pnpm:_dependency_resolved": {
    "resolution": "registry.npmjs.org/merge-descriptors/1.0.1",
    "wanted": {
      "dependentId": "registry.npmjs.org/express/4.17.1",
      "name": "merge-descriptors",
      "rawSpec": "merge-descriptors@1.0.1"
    }
  },
  "116 debug pnpm:progress": {
    "packageId": "registry.npmjs.org/merge-descriptors/1.0.1",
    "requester": "/Users/rmaycon7/Documents/TCC/tcc-app-project/app-code/api-micro-service",
    "status": "resolved"
  },
  "117 debug pnpm:_dependency_resolved": {
    "resolution": "registry.npmjs.org/methods/1.1.2",
    "wanted": {
      "dependentId": "registry.npmjs.org/express/4.17.1",
      "name": "methods",
      "rawSpec": "methods@~1.1.2"
    }
  },
  "118 debug pnpm:progress": {
    "packageId": "registry.npmjs.org/methods/1.1.2",
    "requester": "/Users/rmaycon7/Documents/TCC/tcc-app-project/app-code/api-micro-service",
    "status": "resolved"
  },
  "119 debug pnpm:_dependency_resolved": {
    "resolution": "registry.npmjs.org/on-finished/2.3.0",
    "wanted": {
      "dependentId": "registry.npmjs.org/express/4.17.1",
      "name": "on-finished",
      "rawSpec": "on-finished@~2.3.0"
    }
  },
  "120 debug pnpm:_dependency_resolved": {
    "resolution": "registry.npmjs.org/parseurl/1.3.3",
    "wanted": {
      "dependentId": "registry.npmjs.org/express/4.17.1",
      "name": "parseurl",
      "rawSpec": "parseurl@~1.3.3"
    }
  },
  "121 debug pnpm:progress": {
    "packageId": "registry.npmjs.org/parseurl/1.3.3",
    "requester": "/Users/rmaycon7/Documents/TCC/tcc-app-project/app-code/api-micro-service",
    "status": "resolved"
  },
  "122 debug pnpm:_dependency_resolved": {
    "resolution": "registry.npmjs.org/path-to-regexp/0.1.7",
    "wanted": {
      "dependentId": "registry.npmjs.org/express/4.17.1",
      "name": "path-to-regexp",
      "rawSpec": "path-to-regexp@0.1.7"
    }
  },
  "123 debug pnpm:progress": {
    "packageId": "registry.npmjs.org/path-to-regexp/0.1.7",
    "requester": "/Users/rmaycon7/Documents/TCC/tcc-app-project/app-code/api-micro-service",
    "status": "resolved"
  },
  "124 debug pnpm:_dependency_resolved": {
    "resolution": "registry.npmjs.org/proxy-addr/2.0.5",
    "wanted": {
      "dependentId": "registry.npmjs.org/express/4.17.1",
      "name": "proxy-addr",
      "rawSpec": "proxy-addr@~2.0.5"
    }
  },
  "125 debug pnpm:progress": {
    "packageId": "registry.npmjs.org/proxy-addr/2.0.5",
    "requester": "/Users/rmaycon7/Documents/TCC/tcc-app-project/app-code/api-micro-service",
    "status": "resolved"
  },
  "126 debug pnpm:_dependency_resolved": {
    "resolution": "registry.npmjs.org/qs/6.7.0",
    "wanted": {
      "dependentId": "registry.npmjs.org/express/4.17.1",
      "name": "qs",
      "rawSpec": "qs@6.7.0"
    }
  },
  "127 debug pnpm:_dependency_resolved": {
    "resolution": "registry.npmjs.org/range-parser/1.2.1",
    "wanted": {
      "dependentId": "registry.npmjs.org/express/4.17.1",
      "name": "range-parser",
      "rawSpec": "range-parser@~1.2.1"
    }
  },
  "128 debug pnpm:progress": {
    "packageId": "registry.npmjs.org/range-parser/1.2.1",
    "requester": "/Users/rmaycon7/Documents/TCC/tcc-app-project/app-code/api-micro-service",
    "status": "resolved"
  },
  "129 debug pnpm:_dependency_resolved": {
    "resolution": "registry.npmjs.org/safe-buffer/5.1.2",
    "wanted": {
      "dependentId": "registry.npmjs.org/express/4.17.1",
      "name": "safe-buffer",
      "rawSpec": "safe-buffer@5.1.2"
    }
  },
  "130 debug pnpm:progress": {
    "packageId": "registry.npmjs.org/safe-buffer/5.1.2",
    "requester": "/Users/rmaycon7/Documents/TCC/tcc-app-project/app-code/api-micro-service",
    "status": "resolved"
  },
  "131 debug pnpm:_dependency_resolved": {
    "resolution": "registry.npmjs.org/send/0.17.1",
    "wanted": {
      "dependentId": "registry.npmjs.org/express/4.17.1",
      "name": "send",
      "rawSpec": "send@0.17.1"
    }
  },
  "132 debug pnpm:progress": {
    "packageId": "registry.npmjs.org/send/0.17.1",
    "requester": "/Users/rmaycon7/Documents/TCC/tcc-app-project/app-code/api-micro-service",
    "status": "resolved"
  },
  "133 debug pnpm:_dependency_resolved": {
    "resolution": "registry.npmjs.org/serve-static/1.14.1",
    "wanted": {
      "dependentId": "registry.npmjs.org/express/4.17.1",
      "name": "serve-static",
      "rawSpec": "serve-static@1.14.1"
    }
  },
  "134 debug pnpm:progress": {
    "packageId": "registry.npmjs.org/serve-static/1.14.1",
    "requester": "/Users/rmaycon7/Documents/TCC/tcc-app-project/app-code/api-micro-service",
    "status": "resolved"
  },
  "135 debug pnpm:progress": {
    "packageId": "registry.npmjs.org/@types/body-parser/1.17.1",
    "requester": "/Users/rmaycon7/Documents/TCC/tcc-app-project/app-code/api-micro-service",
    "status": "found_in_store"
  },
  "136 debug pnpm:progress": {
    "packageId": "registry.npmjs.org/@types/express-serve-static-core/4.16.11",
    "requester": "/Users/rmaycon7/Documents/TCC/tcc-app-project/app-code/api-micro-service",
    "status": "found_in_store"
  },
  "137 debug pnpm:progress": {
    "packageId": "registry.npmjs.org/@types/serve-static/1.13.3",
    "requester": "/Users/rmaycon7/Documents/TCC/tcc-app-project/app-code/api-micro-service",
    "status": "found_in_store"
  },
  "138 debug pnpm:progress": {
    "packageId": "registry.npmjs.org/bytes/3.1.0",
    "requester": "/Users/rmaycon7/Documents/TCC/tcc-app-project/app-code/api-micro-service",
    "status": "found_in_store"
  },
  "139 debug pnpm:progress": {
    "packageId": "registry.npmjs.org/content-type/1.0.4",
    "requester": "/Users/rmaycon7/Documents/TCC/tcc-app-project/app-code/api-micro-service",
    "status": "found_in_store"
  },
  "140 debug pnpm:_dependency_resolved": {
    "resolution": "registry.npmjs.org/setprototypeof/1.1.1",
    "wanted": {
      "dependentId": "registry.npmjs.org/express/4.17.1",
      "name": "setprototypeof",
      "rawSpec": "setprototypeof@1.1.1"
    }
  },
  "141 debug pnpm:progress": {
    "packageId": "registry.npmjs.org/setprototypeof/1.1.1",
    "requester": "/Users/rmaycon7/Documents/TCC/tcc-app-project/app-code/api-micro-service",
    "status": "resolved"
  },
  "142 debug pnpm:progress": {
    "packageId": "registry.npmjs.org/http-errors/1.7.2",
    "requester": "/Users/rmaycon7/Documents/TCC/tcc-app-project/app-code/api-micro-service",
    "status": "found_in_store"
  },
  "143 debug pnpm:progress": {
    "packageId": "registry.npmjs.org/depd/1.1.2",
    "requester": "/Users/rmaycon7/Documents/TCC/tcc-app-project/app-code/api-micro-service",
    "status": "found_in_store"
  },
  "144 debug pnpm:_dependency_resolved": {
    "resolution": "registry.npmjs.org/statuses/1.5.0",
    "wanted": {
      "dependentId": "registry.npmjs.org/express/4.17.1",
      "name": "statuses",
      "rawSpec": "statuses@~1.5.0"
    }
  },
  "145 debug pnpm:progress": {
    "packageId": "registry.npmjs.org/statuses/1.5.0",
    "requester": "/Users/rmaycon7/Documents/TCC/tcc-app-project/app-code/api-micro-service",
    "status": "resolved"
  },
  "146 debug pnpm:progress": {
    "packageId": "registry.npmjs.org/debug/2.6.9",
    "requester": "/Users/rmaycon7/Documents/TCC/tcc-app-project/app-code/api-micro-service",
    "status": "found_in_store"
  },
  "147 debug pnpm:_dependency_resolved": {
    "resolution": "registry.npmjs.org/type-is/1.6.18",
    "wanted": {
      "dependentId": "registry.npmjs.org/express/4.17.1",
      "name": "type-is",
      "rawSpec": "type-is@~1.6.18"
    }
  },
  "148 debug pnpm:progress": {
    "packageId": "registry.npmjs.org/iconv-lite/0.4.24",
    "requester": "/Users/rmaycon7/Documents/TCC/tcc-app-project/app-code/api-micro-service",
    "status": "found_in_store"
  },
  "149 debug pnpm:_dependency_resolved": {
    "resolution": "registry.npmjs.org/utils-merge/1.0.1",
    "wanted": {
      "dependentId": "registry.npmjs.org/express/4.17.1",
      "name": "utils-merge",
      "rawSpec": "utils-merge@1.0.1"
    }
  },
  "150 debug pnpm:progress": {
    "packageId": "registry.npmjs.org/utils-merge/1.0.1",
    "requester": "/Users/rmaycon7/Documents/TCC/tcc-app-project/app-code/api-micro-service",
    "status": "resolved"
  },
  "151 debug pnpm:progress": {
    "packageId": "registry.npmjs.org/on-finished/2.3.0",
    "requester": "/Users/rmaycon7/Documents/TCC/tcc-app-project/app-code/api-micro-service",
    "status": "found_in_store"
  },
  "152 debug pnpm:progress": {
    "packageId": "registry.npmjs.org/sucrase/3.10.1",
    "requester": "/Users/rmaycon7/Documents/TCC/tcc-app-project/app-code/api-micro-service",
    "status": "found_in_store"
  },
  "153 error pnpm": {
    "message": {
      "code": "ERR_PNPM_NO_OFFLINE_META"
    },
    "err": {
      "name": "Error",
      "message": "Failed to resolve @elastic/elasticsearch@>=7.4.0 <8.0.0 in package mirror /Users/rmaycon7/Packages/pnpm-store/2/registry.npmjs.org/@elastic/elasticsearch",
      "code": "ERR_PNPM_NO_OFFLINE_META",
      "stack": "Error: Failed to resolve @elastic/elasticsearch@>=7.4.0 <8.0.0 in package mirror /Users/rmaycon7/Packages/pnpm-store/2/registry.npmjs.org/@elastic/elasticsearch\n    at exports.default (/Users/rmaycon7/Packages/pnpm-global/3/node_modules/.pnpm/registry.npmjs.org/pnpm/4.1.7/node_modules/pnpm/lib/node_modules/@pnpm/npm-resolver/lib/pickPackage.js:39:19)\n    at async resolveNpm (/Users/rmaycon7/Packages/pnpm-global/3/node_modules/.pnpm/registry.npmjs.org/pnpm/4.1.7/node_modules/pnpm/lib/node_modules/@pnpm/npm-resolver/lib/index.js:87:22)\n    at async Object.resolve (/Users/rmaycon7/Packages/pnpm-global/3/node_modules/.pnpm/registry.npmjs.org/pnpm/4.1.7/node_modules/pnpm/lib/node_modules/@pnpm/default-resolver/lib/index.js:11:28)\n    at async run (/Users/rmaycon7/Packages/pnpm-global/3/node_modules/.pnpm/registry.npmjs.org/pnpm/4.1.7/node_modules/pnpm/lib/node_modules/p-queue/dist/index.js:157:29)"
    }
  },
  "154 debug pnpm:progress": {
    "packageId": "registry.npmjs.org/qs/6.7.0",
    "requester": "/Users/rmaycon7/Documents/TCC/tcc-app-project/app-code/api-micro-service",
    "status": "found_in_store"
  },
  "155 debug pnpm:_dependency_resolved": {
    "resolution": "registry.npmjs.org/vary/1.1.2",
    "wanted": {
      "dependentId": "registry.npmjs.org/express/4.17.1",
      "name": "vary",
      "rawSpec": "vary@~1.1.2"
    }
  },
  "156 debug pnpm:progress": {
    "packageId": "registry.npmjs.org/raw-body/2.4.0",
    "requester": "/Users/rmaycon7/Documents/TCC/tcc-app-project/app-code/api-micro-service",
    "status": "found_in_store"
  },
  "157 debug pnpm:progress": {
    "packageId": "registry.npmjs.org/type-is/1.6.18",
    "requester": "/Users/rmaycon7/Documents/TCC/tcc-app-project/app-code/api-micro-service",
    "status": "found_in_store"
  }
}